This is pdfTeX, Version 3.14159265-2.6-1.40.19 (TeX Live 2018) (preloaded format=pdflatex 2018.6.26)  20 NOV 2019 11:33
entering extended mode
 restricted \write18 enabled.
 %&-line parsing enabled.
**"Assignment 2.tex"
(./Assignment 2.tex
LaTeX2e <2018-04-01> patch level 2
Babel <3.18> and hyphenation patterns for 84 language(s) loaded.
(/usr/local/texlive/2018/texmf-dist/tex/latex/base/article.cls
Document Class: article 2014/09/29 v1.4h Standard LaTeX document class
(/usr/local/texlive/2018/texmf-dist/tex/latex/base/size12.clo
File: size12.clo 2014/09/29 v1.4h Standard LaTeX file (size option)
)
\c@part=\count80
\c@section=\count81
\c@subsection=\count82
\c@subsubsection=\count83
\c@paragraph=\count84
\c@subparagraph=\count85
\c@figure=\count86
\c@table=\count87
\abovecaptionskip=\skip41
\belowcaptionskip=\skip42
\bibindent=\dimen102
)
(/usr/local/texlive/2018/texmf-dist/tex/latex/amsfonts/amsfonts.sty
Package: amsfonts 2013/01/14 v3.01 Basic AMSFonts support
\@emptytoks=\toks14
\symAMSa=\mathgroup4
\symAMSb=\mathgroup5
LaTeX Font Info:    Overwriting math alphabet `\mathfrak' in version `bold'
(Font)                  U/euf/m/n --> U/euf/b/n on input line 106.
)
(/usr/local/texlive/2018/texmf-dist/tex/latex/fancyhdr/fancyhdr.sty
Package: fancyhdr 2017/06/30 v3.9a Extensive control of page headers and footer
s
\f@nch@headwidth=\skip43
\f@nch@O@elh=\skip44
\f@nch@O@erh=\skip45
\f@nch@O@olh=\skip46
\f@nch@O@orh=\skip47
\f@nch@O@elf=\skip48
\f@nch@O@erf=\skip49
\f@nch@O@olf=\skip50
\f@nch@O@orf=\skip51
)
(/usr/local/texlive/2018/texmf-dist/tex/latex/comment/comment.sty
\CommentStream=\write3

Excluding comment 'comment')
(/usr/local/texlive/2018/texmf-dist/tex/latex/geometry/geometry.sty
Package: geometry 2018/03/24 v5.7 Page Geometry

(/usr/local/texlive/2018/texmf-dist/tex/latex/graphics/keyval.sty
Package: keyval 2014/10/28 v1.15 key=value parser (DPC)
\KV@toks@=\toks15
)
(/usr/local/texlive/2018/texmf-dist/tex/generic/oberdiek/ifpdf.sty
Package: ifpdf 2017/03/15 v3.2 Provides the ifpdf switch
)
(/usr/local/texlive/2018/texmf-dist/tex/generic/oberdiek/ifvtex.sty
Package: ifvtex 2016/05/16 v1.6 Detect VTeX and its facilities (HO)
Package ifvtex Info: VTeX not detected.
)
(/usr/local/texlive/2018/texmf-dist/tex/generic/ifxetex/ifxetex.sty
Package: ifxetex 2010/09/12 v0.6 Provides ifxetex conditional
)
\Gm@cnth=\count88
\Gm@cntv=\count89
\c@Gm@tempcnt=\count90
\Gm@bindingoffset=\dimen103
\Gm@wd@mp=\dimen104
\Gm@odd@mp=\dimen105
\Gm@even@mp=\dimen106
\Gm@layoutwidth=\dimen107
\Gm@layoutheight=\dimen108
\Gm@layouthoffset=\dimen109
\Gm@layoutvoffset=\dimen110
\Gm@dimlist=\toks16
)
(/usr/local/texlive/2018/texmf-dist/tex/latex/psnfss/times.sty
Package: times 2005/04/12 PSNFSS-v9.2a (SPQR) 
)
(/usr/local/texlive/2018/texmf-dist/tex/latex/amsmath/amsmath.sty
Package: amsmath 2017/09/02 v2.17a AMS math features
\@mathmargin=\skip52

For additional information on amsmath, use the `?' option.
(/usr/local/texlive/2018/texmf-dist/tex/latex/amsmath/amstext.sty
Package: amstext 2000/06/29 v2.01 AMS text

(/usr/local/texlive/2018/texmf-dist/tex/latex/amsmath/amsgen.sty
File: amsgen.sty 1999/11/30 v2.0 generic functions
\@emptytoks=\toks17
\ex@=\dimen111
))
(/usr/local/texlive/2018/texmf-dist/tex/latex/amsmath/amsbsy.sty
Package: amsbsy 1999/11/29 v1.2d Bold Symbols
\pmbraise@=\dimen112
)
(/usr/local/texlive/2018/texmf-dist/tex/latex/amsmath/amsopn.sty
Package: amsopn 2016/03/08 v2.02 operator names
)
\inf@bad=\count91
LaTeX Info: Redefining \frac on input line 213.
\uproot@=\count92
\leftroot@=\count93
LaTeX Info: Redefining \overline on input line 375.
\classnum@=\count94
\DOTSCASE@=\count95
LaTeX Info: Redefining \ldots on input line 472.
LaTeX Info: Redefining \dots on input line 475.
LaTeX Info: Redefining \cdots on input line 596.
\Mathstrutbox@=\box26
\strutbox@=\box27
\big@size=\dimen113
LaTeX Font Info:    Redeclaring font encoding OML on input line 712.
LaTeX Font Info:    Redeclaring font encoding OMS on input line 713.
\macc@depth=\count96
\c@MaxMatrixCols=\count97
\dotsspace@=\muskip10
\c@parentequation=\count98
\dspbrk@lvl=\count99
\tag@help=\toks18
\row@=\count100
\column@=\count101
\maxfields@=\count102
\andhelp@=\toks19
\eqnshift@=\dimen114
\alignsep@=\dimen115
\tagshift@=\dimen116
\tagwidth@=\dimen117
\totwidth@=\dimen118
\lineht@=\dimen119
\@envbody=\toks20
\multlinegap=\skip53
\multlinetaggap=\skip54
\mathdisplay@stack=\toks21
LaTeX Info: Redefining \[ on input line 2817.
LaTeX Info: Redefining \] on input line 2818.
)
(/usr/local/texlive/2018/texmf-dist/tex/latex/changepage/changepage.sty
Package: changepage 2009/10/20 v1.0c check page and change page layout
\c@cp@cntr=\count103
\cp@tempcnt=\count104
)
(/usr/local/texlive/2018/texmf-dist/tex/latex/amsfonts/amssymb.sty
Package: amssymb 2013/01/14 v3.01 AMS font symbols
)
(/usr/local/texlive/2018/texmf-dist/tex/latex/graphics/graphicx.sty
Package: graphicx 2017/06/01 v1.1a Enhanced LaTeX Graphics (DPC,SPQR)

(/usr/local/texlive/2018/texmf-dist/tex/latex/graphics/graphics.sty
Package: graphics 2017/06/25 v1.2c Standard LaTeX Graphics (DPC,SPQR)

(/usr/local/texlive/2018/texmf-dist/tex/latex/graphics/trig.sty
Package: trig 2016/01/03 v1.10 sin cos tan (DPC)
)
(/usr/local/texlive/2018/texmf-dist/tex/latex/graphics-cfg/graphics.cfg
File: graphics.cfg 2016/06/04 v1.11 sample graphics configuration
)
Package graphics Info: Driver file: pdftex.def on input line 99.

(/usr/local/texlive/2018/texmf-dist/tex/latex/graphics-def/pdftex.def
File: pdftex.def 2018/01/08 v1.0l Graphics/color driver for pdftex
))
\Gin@req@height=\dimen120
\Gin@req@width=\dimen121
)
(/usr/local/texlive/2018/texmf-dist/tex/latex/wrapfig/wrapfig.sty
\wrapoverhang=\dimen122
\WF@size=\dimen123
\c@WF@wrappedlines=\count105
\WF@box=\box28
\WF@everypar=\toks22
Package: wrapfig 2003/01/31  v 3.6
)
(/usr/local/texlive/2018/texmf-dist/tex/latex/lipsum/lipsum.sty
Package: lipsum 2014/07/27 v1.3 150 paragraphs of Lorem Ipsum dummy text
\c@lips@count=\count106
)
(/usr/local/texlive/2018/texmf-dist/tex/latex/tools/array.sty
Package: array 2018/04/07 v2.4g Tabular extension package (FMi)
\col@sep=\dimen124
\ar@mcellbox=\box29
\extrarowheight=\dimen125
\NC@list=\toks23
\extratabsurround=\skip55
\backup@length=\skip56
\ar@cellbox=\box30
)
(/usr/local/texlive/2018/texmf-dist/tex/latex/listings/listings.sty
\lst@mode=\count107
\lst@gtempboxa=\box31
\lst@token=\toks24
\lst@length=\count108
\lst@currlwidth=\dimen126
\lst@column=\count109
\lst@pos=\count110
\lst@lostspace=\dimen127
\lst@width=\dimen128
\lst@newlines=\count111
\lst@lineno=\count112
\lst@maxwidth=\dimen129

(/usr/local/texlive/2018/texmf-dist/tex/latex/listings/lstmisc.sty
File: lstmisc.sty 2015/06/04 1.6 (Carsten Heinz)
\c@lstnumber=\count113
\lst@skipnumbers=\count114
\lst@framebox=\box32
)
(/usr/local/texlive/2018/texmf-dist/tex/latex/listings/listings.cfg
File: listings.cfg 2015/06/04 1.6 listings configuration
))
Package: listings 2015/06/04 1.6 (Carsten Heinz)

(/usr/local/texlive/2018/texmf-dist/tex/latex/graphics/color.sty
Package: color 2016/07/10 v1.1e Standard LaTeX Color (DPC)

(/usr/local/texlive/2018/texmf-dist/tex/latex/graphics-cfg/color.cfg
File: color.cfg 2016/01/02 v1.6 sample color configuration
)
Package color Info: Driver file: pdftex.def on input line 147.
)
(/usr/local/texlive/2018/texmf-dist/tex/latex/xcolor/xcolor.sty
Package: xcolor 2016/05/11 v2.12 LaTeX color extensions (UK)

(/usr/local/texlive/2018/texmf-dist/tex/latex/graphics-cfg/color.cfg
File: color.cfg 2016/01/02 v1.6 sample color configuration
)
Package xcolor Info: Driver file: pdftex.def on input line 225.
LaTeX Info: Redefining \color on input line 709.
Package xcolor Info: Model `cmy' substituted by `cmy0' on input line 1348.
Package xcolor Info: Model `hsb' substituted by `rgb' on input line 1352.
Package xcolor Info: Model `RGB' extended on input line 1364.
Package xcolor Info: Model `HTML' substituted by `rgb' on input line 1366.
Package xcolor Info: Model `Hsb' substituted by `hsb' on input line 1367.
Package xcolor Info: Model `tHsb' substituted by `hsb' on input line 1368.
Package xcolor Info: Model `HSB' substituted by `hsb' on input line 1369.
Package xcolor Info: Model `Gray' substituted by `gray' on input line 1370.
Package xcolor Info: Model `wave' substituted by `hsb' on input line 1371.
)
(/usr/local/texlive/2018/texmf-dist/tex/latex/makecell/makecell.sty
Package: makecell 2009/08/03 V0.1e Managing of Tab Column Heads and Cells
\rotheadsize=\dimen130
\c@nlinenum=\count115
\TeXr@lab=\toks25
)
(/usr/local/texlive/2018/texmf-dist/tex/latex/enumitem/enumitem.sty
Package: enumitem 2011/09/28 v3.5.2 Customized lists
\labelindent=\skip57
\enit@outerparindent=\dimen131
\enit@toks=\toks26
\enit@inbox=\box33
\enitdp@description=\count116
)
(/usr/local/texlive/2018/texmf-dist/tex/latex/hyperref/hyperref.sty
Package: hyperref 2018/02/06 v6.86b Hypertext links for LaTeX

(/usr/local/texlive/2018/texmf-dist/tex/generic/oberdiek/hobsub-hyperref.sty
Package: hobsub-hyperref 2016/05/16 v1.14 Bundle oberdiek, subset hyperref (HO)


(/usr/local/texlive/2018/texmf-dist/tex/generic/oberdiek/hobsub-generic.sty
Package: hobsub-generic 2016/05/16 v1.14 Bundle oberdiek, subset generic (HO)
Package: hobsub 2016/05/16 v1.14 Construct package bundles (HO)
Package: infwarerr 2016/05/16 v1.4 Providing info/warning/error messages (HO)
Package: ltxcmds 2016/05/16 v1.23 LaTeX kernel commands for general use (HO)
Package: ifluatex 2016/05/16 v1.4 Provides the ifluatex switch (HO)
Package ifluatex Info: LuaTeX not detected.
Package hobsub Info: Skipping package `ifvtex' (already loaded).
Package: intcalc 2016/05/16 v1.2 Expandable calculations with integers (HO)
Package hobsub Info: Skipping package `ifpdf' (already loaded).
Package: etexcmds 2016/05/16 v1.6 Avoid name clashes with e-TeX commands (HO)
Package etexcmds Info: Could not find \expanded.
(etexcmds)             That can mean that you are not using pdfTeX 1.50 or
(etexcmds)             that some package has redefined \expanded.
(etexcmds)             In the latter case, load this package earlier.
Package: kvsetkeys 2016/05/16 v1.17 Key value parser (HO)
Package: kvdefinekeys 2016/05/16 v1.4 Define keys (HO)
Package: pdftexcmds 2018/01/30 v0.27 Utility functions of pdfTeX for LuaTeX (HO
)
Package pdftexcmds Info: LuaTeX not detected.
Package pdftexcmds Info: \pdf@primitive is available.
Package pdftexcmds Info: \pdf@ifprimitive is available.
Package pdftexcmds Info: \pdfdraftmode found.
Package: pdfescape 2016/05/16 v1.14 Implements pdfTeX's escape features (HO)
Package: bigintcalc 2016/05/16 v1.4 Expandable calculations on big integers (HO
)
Package: bitset 2016/05/16 v1.2 Handle bit-vector datatype (HO)
Package: uniquecounter 2016/05/16 v1.3 Provide unlimited unique counter (HO)
)
Package hobsub Info: Skipping package `hobsub' (already loaded).
Package: letltxmacro 2016/05/16 v1.5 Let assignment for LaTeX macros (HO)
Package: hopatch 2016/05/16 v1.3 Wrapper for package hooks (HO)
Package: xcolor-patch 2016/05/16 xcolor patch
Package: atveryend 2016/05/16 v1.9 Hooks at the very end of document (HO)
Package atveryend Info: \enddocument detected (standard20110627).
Package: atbegshi 2016/06/09 v1.18 At begin shipout hook (HO)
Package: refcount 2016/05/16 v3.5 Data extraction from label references (HO)
Package: hycolor 2016/05/16 v1.8 Color options for hyperref/bookmark (HO)
)
(/usr/local/texlive/2018/texmf-dist/tex/latex/oberdiek/auxhook.sty
Package: auxhook 2016/05/16 v1.4 Hooks for auxiliary files (HO)
)
(/usr/local/texlive/2018/texmf-dist/tex/latex/oberdiek/kvoptions.sty
Package: kvoptions 2016/05/16 v3.12 Key value format for package options (HO)
)
\@linkdim=\dimen132
\Hy@linkcounter=\count117
\Hy@pagecounter=\count118

(/usr/local/texlive/2018/texmf-dist/tex/latex/hyperref/pd1enc.def
File: pd1enc.def 2018/02/06 v6.86b Hyperref: PDFDocEncoding definition (HO)
Now handling font encoding PD1 ...
... no UTF-8 mapping file for font encoding PD1
)
\Hy@SavedSpaceFactor=\count119

(/usr/local/texlive/2018/texmf-dist/tex/latex/latexconfig/hyperref.cfg
File: hyperref.cfg 2002/06/06 v1.2 hyperref configuration of TeXLive
)
Package hyperref Info: Hyper figures OFF on input line 4509.
Package hyperref Info: Link nesting OFF on input line 4514.
Package hyperref Info: Hyper index ON on input line 4517.
Package hyperref Info: Plain pages OFF on input line 4524.
Package hyperref Info: Backreferencing OFF on input line 4529.
Package hyperref Info: Implicit mode ON; LaTeX internals redefined.
Package hyperref Info: Bookmarks ON on input line 4762.
\c@Hy@tempcnt=\count120

(/usr/local/texlive/2018/texmf-dist/tex/latex/url/url.sty
\Urlmuskip=\muskip11
Package: url 2013/09/16  ver 3.4  Verb mode for urls, etc.
)
LaTeX Info: Redefining \url on input line 5115.
\XeTeXLinkMargin=\dimen133
\Fld@menulength=\count121
\Field@Width=\dimen134
\Fld@charsize=\dimen135
Package hyperref Info: Hyper figures OFF on input line 6369.
Package hyperref Info: Link nesting OFF on input line 6374.
Package hyperref Info: Hyper index ON on input line 6377.
Package hyperref Info: backreferencing OFF on input line 6384.
Package hyperref Info: Link coloring OFF on input line 6389.
Package hyperref Info: Link coloring with OCG OFF on input line 6394.
Package hyperref Info: PDF/A mode OFF on input line 6399.
LaTeX Info: Redefining \ref on input line 6439.
LaTeX Info: Redefining \pageref on input line 6443.
\Hy@abspage=\count122
\c@Item=\count123
\c@Hfootnote=\count124
)
Package hyperref Info: Driver (autodetected): hpdftex.

(/usr/local/texlive/2018/texmf-dist/tex/latex/hyperref/hpdftex.def
File: hpdftex.def 2018/02/06 v6.86b Hyperref driver for pdfTeX
\Fld@listcount=\count125
\c@bookmark@seq@number=\count126

(/usr/local/texlive/2018/texmf-dist/tex/latex/oberdiek/rerunfilecheck.sty
Package: rerunfilecheck 2016/05/16 v1.8 Rerun checks for auxiliary files (HO)
Package uniquecounter Info: New unique counter `rerunfilecheck' on input line 2
82.
)
\Hy@SectionHShift=\skip58
)
(/usr/local/texlive/2018/texmf-dist/tex/latex/objectz/oz.sty
Package: oz 1999/05/24 2.46 Object Z macros

`Object-Z Macros' 2.46 <1999/05/24>
(/usr/local/texlive/2018/texmf-dist/tex/latex/tools/calc.sty
Package: calc 2017/05/25 v4.3 Infix arithmetic (KKT,FJ)
\calc@Acount=\count127
\calc@Bcount=\count128
\calc@Adimen=\dimen136
\calc@Bdimen=\dimen137
\calc@Askip=\skip59
\calc@Bskip=\skip60
LaTeX Info: Redefining \setlength on input line 80.
LaTeX Info: Redefining \addtolength on input line 81.
\calc@Ccount=\count129
\calc@Cskip=\skip61
)
\c@mv@oz=\count130
LaTeX Font Info:    Overwriting math alphabet `\mathrm' in version `oz'
(Font)                  OT1/cmr/m/n --> OT1/ptm/m/n on input line 71.
LaTeX Font Info:    Overwriting math alphabet `\mathbf' in version `oz'
(Font)                  OT1/cmr/bx/n --> OT1/ptm/bx/n on input line 71.
LaTeX Font Info:    Overwriting math alphabet `\mathsf' in version `oz'
(Font)                  OT1/cmss/m/n --> OT1/phv/m/n on input line 71.
\symitalics=\mathgroup6
LaTeX Font Info:    Redeclaring math alphabet \mathrm on input line 71.
LaTeX Font Info:    Redeclaring math alphabet \mathit on input line 71.
\symlasy=\mathgroup7
LaTeX Font Info:    Redeclaring symbol font `AMSa' on input line 71.
LaTeX Font Info:    Overwriting symbol font `AMSa' in version `normal'
(Font)                  U/msa/m/n --> U/msa/m/n on input line 71.
LaTeX Font Info:    Overwriting symbol font `AMSa' in version `bold'
(Font)                  U/msa/m/n --> U/msa/m/n on input line 71.
LaTeX Font Info:    Overwriting symbol font `AMSa' in version `oz'
(Font)                  U/msa/m/n --> U/msa/m/n on input line 71.
LaTeX Font Info:    Redeclaring symbol font `AMSb' on input line 71.
LaTeX Font Info:    Overwriting symbol font `AMSb' in version `normal'
(Font)                  U/msb/m/n --> U/msb/m/n on input line 71.
LaTeX Font Info:    Overwriting symbol font `AMSb' in version `bold'
(Font)                  U/msb/m/n --> U/msb/m/n on input line 71.
LaTeX Font Info:    Overwriting symbol font `AMSb' in version `oz'
(Font)                  U/msb/m/n --> U/msb/m/n on input line 71.
\strutbox@=\box34
\big@size=\dimen138
LaTeX Font Info:    Redeclaring math symbol \boxdot on input line 362.
LaTeX Font Info:    Redeclaring math symbol \boxplus on input line 362.
LaTeX Font Info:    Redeclaring math symbol \boxtimes on input line 362.
LaTeX Font Info:    Redeclaring math symbol \square on input line 362.
LaTeX Font Info:    Redeclaring math symbol \blacksquare on input line 362.
LaTeX Font Info:    Redeclaring math symbol \centerdot on input line 362.
LaTeX Font Info:    Redeclaring math symbol \lozenge on input line 362.
LaTeX Font Info:    Redeclaring math symbol \blacklozenge on input line 362.
LaTeX Font Info:    Redeclaring math symbol \circlearrowright on input line 362
.
LaTeX Font Info:    Redeclaring math symbol \circlearrowleft on input line 362.

LaTeX Font Info:    Redeclaring math symbol \leftrightharpoons on input line 36
2.
LaTeX Font Info:    Redeclaring math symbol \boxminus on input line 362.
LaTeX Font Info:    Redeclaring math symbol \Vdash on input line 362.
LaTeX Font Info:    Redeclaring math symbol \Vvdash on input line 362.
LaTeX Font Info:    Redeclaring math symbol \vDash on input line 362.
LaTeX Font Info:    Redeclaring math symbol \twoheadrightarrow on input line 36
2.
LaTeX Font Info:    Redeclaring math symbol \twoheadleftarrow on input line 362
.
LaTeX Font Info:    Redeclaring math symbol \leftleftarrows on input line 362.
LaTeX Font Info:    Redeclaring math symbol \rightrightarrows on input line 362
.
LaTeX Font Info:    Redeclaring math symbol \upuparrows on input line 362.
LaTeX Font Info:    Redeclaring math symbol \downdownarrows on input line 362.
LaTeX Font Info:    Redeclaring math symbol \upharpoonright on input line 362.
LaTeX Font Info:    Redeclaring math symbol \downharpoonright on input line 362
.
LaTeX Font Info:    Redeclaring math symbol \upharpoonleft on input line 362.
LaTeX Font Info:    Redeclaring math symbol \downharpoonleft on input line 362.

LaTeX Font Info:    Redeclaring math symbol \rightarrowtail on input line 362.
LaTeX Font Info:    Redeclaring math symbol \leftarrowtail on input line 362.
LaTeX Font Info:    Redeclaring math symbol \leftrightarrows on input line 362.

LaTeX Font Info:    Redeclaring math symbol \rightleftarrows on input line 362.

LaTeX Font Info:    Redeclaring math symbol \Lsh on input line 362.
LaTeX Font Info:    Redeclaring math symbol \Rsh on input line 362.
LaTeX Font Info:    Redeclaring math symbol \rightsquigarrow on input line 362.

LaTeX Font Info:    Redeclaring math symbol \leftrightsquigarrow on input line 
362.
LaTeX Font Info:    Redeclaring math symbol \looparrowleft on input line 362.
LaTeX Font Info:    Redeclaring math symbol \looparrowright on input line 362.
LaTeX Font Info:    Redeclaring math symbol \circeq on input line 362.
LaTeX Font Info:    Redeclaring math symbol \succsim on input line 362.
LaTeX Font Info:    Redeclaring math symbol \gtrsim on input line 362.
LaTeX Font Info:    Redeclaring math symbol \gtrapprox on input line 362.
LaTeX Font Info:    Redeclaring math symbol \multimap on input line 362.
LaTeX Font Info:    Redeclaring math symbol \therefore on input line 362.
LaTeX Font Info:    Redeclaring math symbol \because on input line 362.
LaTeX Font Info:    Redeclaring math symbol \doteqdot on input line 362.
LaTeX Font Info:    Redeclaring math symbol \triangleq on input line 362.
LaTeX Font Info:    Redeclaring math symbol \precsim on input line 362.
LaTeX Font Info:    Redeclaring math symbol \lesssim on input line 362.
LaTeX Font Info:    Redeclaring math symbol \lessapprox on input line 362.
LaTeX Font Info:    Redeclaring math symbol \eqslantless on input line 362.
LaTeX Font Info:    Redeclaring math symbol \eqslantgtr on input line 362.
LaTeX Font Info:    Redeclaring math symbol \curlyeqprec on input line 362.
LaTeX Font Info:    Redeclaring math symbol \curlyeqsucc on input line 362.
LaTeX Font Info:    Redeclaring math symbol \preccurlyeq on input line 362.
LaTeX Font Info:    Redeclaring math symbol \leqq on input line 362.
LaTeX Font Info:    Redeclaring math symbol \leqslant on input line 362.
LaTeX Font Info:    Redeclaring math symbol \lessgtr on input line 362.
LaTeX Font Info:    Redeclaring math symbol \backprime on input line 362.
LaTeX Font Info:    Redeclaring math symbol \risingdotseq on input line 362.
LaTeX Font Info:    Redeclaring math symbol \fallingdotseq on input line 362.
LaTeX Font Info:    Redeclaring math symbol \succcurlyeq on input line 362.
LaTeX Font Info:    Redeclaring math symbol \geqq on input line 362.
LaTeX Font Info:    Redeclaring math symbol \geqslant on input line 362.
LaTeX Font Info:    Redeclaring math symbol \gtrless on input line 362.
LaTeX Font Info:    Redeclaring math symbol \sqsubset on input line 362.
LaTeX Font Info:    Redeclaring math symbol \sqsupset on input line 362.
LaTeX Font Info:    Redeclaring math symbol \vartriangleright on input line 362
.
LaTeX Font Info:    Redeclaring math symbol \vartriangleleft on input line 362.

LaTeX Font Info:    Redeclaring math symbol \trianglerighteq on input line 362.

LaTeX Font Info:    Redeclaring math symbol \trianglelefteq on input line 362.
LaTeX Font Info:    Redeclaring math symbol \bigstar on input line 362.
LaTeX Font Info:    Redeclaring math symbol \between on input line 362.
LaTeX Font Info:    Redeclaring math symbol \blacktriangledown on input line 36
2.
LaTeX Font Info:    Redeclaring math symbol \blacktriangleright on input line 3
62.
LaTeX Font Info:    Redeclaring math symbol \blacktriangleleft on input line 36
2.
LaTeX Font Info:    Redeclaring math symbol \vartriangle on input line 362.
LaTeX Font Info:    Redeclaring math symbol \blacktriangle on input line 362.
LaTeX Font Info:    Redeclaring math symbol \triangledown on input line 362.
LaTeX Font Info:    Redeclaring math symbol \eqcirc on input line 362.
LaTeX Font Info:    Redeclaring math symbol \lesseqgtr on input line 362.
LaTeX Font Info:    Redeclaring math symbol \gtreqless on input line 362.
LaTeX Font Info:    Redeclaring math symbol \lesseqqgtr on input line 362.
LaTeX Font Info:    Redeclaring math symbol \gtreqqless on input line 362.
LaTeX Font Info:    Redeclaring math symbol \Rrightarrow on input line 362.
LaTeX Font Info:    Redeclaring math symbol \Lleftarrow on input line 362.
LaTeX Font Info:    Redeclaring math symbol \veebar on input line 362.
LaTeX Font Info:    Redeclaring math symbol \barwedge on input line 362.
LaTeX Font Info:    Redeclaring math symbol \doublebarwedge on input line 362.
LaTeX Font Info:    Redeclaring math symbol \measuredangle on input line 362.
LaTeX Font Info:    Redeclaring math symbol \sphericalangle on input line 362.
LaTeX Font Info:    Redeclaring math symbol \varpropto on input line 362.
LaTeX Font Info:    Redeclaring math symbol \smallsmile on input line 362.
LaTeX Font Info:    Redeclaring math symbol \smallfrown on input line 362.
LaTeX Font Info:    Redeclaring math symbol \Subset on input line 362.
LaTeX Font Info:    Redeclaring math symbol \Supset on input line 362.
LaTeX Font Info:    Redeclaring math symbol \Cup on input line 362.
LaTeX Font Info:    Redeclaring math symbol \Cap on input line 362.
LaTeX Font Info:    Redeclaring math symbol \curlywedge on input line 362.
LaTeX Font Info:    Redeclaring math symbol \curlyvee on input line 362.
LaTeX Font Info:    Redeclaring math symbol \leftthreetimes on input line 362.
LaTeX Font Info:    Redeclaring math symbol \rightthreetimes on input line 362.

LaTeX Font Info:    Redeclaring math symbol \subseteqq on input line 362.
LaTeX Font Info:    Redeclaring math symbol \supseteqq on input line 362.
LaTeX Font Info:    Redeclaring math symbol \bumpeq on input line 362.
LaTeX Font Info:    Redeclaring math symbol \Bumpeq on input line 362.
LaTeX Font Info:    Redeclaring math symbol \lll on input line 362.
LaTeX Font Info:    Redeclaring math symbol \ggg on input line 362.
LaTeX Font Info:    Redeclaring math delimiter \ulcorner on input line 362.
LaTeX Font Info:    Redeclaring math delimiter \urcorner on input line 362.
LaTeX Font Info:    Redeclaring math delimiter \llcorner on input line 362.
LaTeX Font Info:    Redeclaring math delimiter \lrcorner on input line 362.
LaTeX Font Info:    Redeclaring math symbol \circledS on input line 362.
LaTeX Font Info:    Redeclaring math symbol \pitchfork on input line 362.
LaTeX Font Info:    Redeclaring math symbol \dotplus on input line 362.
LaTeX Font Info:    Redeclaring math symbol \backsim on input line 362.
LaTeX Font Info:    Redeclaring math symbol \backsimeq on input line 362.
LaTeX Font Info:    Redeclaring math symbol \complement on input line 362.
LaTeX Font Info:    Redeclaring math symbol \intercal on input line 362.
LaTeX Font Info:    Redeclaring math symbol \circledcirc on input line 362.
LaTeX Font Info:    Redeclaring math symbol \circledast on input line 362.
LaTeX Font Info:    Redeclaring math symbol \circleddash on input line 362.
LaTeX Font Info:    Redeclaring math symbol \lvertneqq on input line 362.
LaTeX Font Info:    Redeclaring math symbol \gvertneqq on input line 362.
LaTeX Font Info:    Redeclaring math symbol \nleq on input line 362.
LaTeX Font Info:    Redeclaring math symbol \ngeq on input line 362.
LaTeX Font Info:    Redeclaring math symbol \nless on input line 362.
LaTeX Font Info:    Redeclaring math symbol \ngtr on input line 362.
LaTeX Font Info:    Redeclaring math symbol \nprec on input line 362.
LaTeX Font Info:    Redeclaring math symbol \nsucc on input line 362.
LaTeX Font Info:    Redeclaring math symbol \lneqq on input line 362.
LaTeX Font Info:    Redeclaring math symbol \gneqq on input line 362.
LaTeX Font Info:    Redeclaring math symbol \nleqslant on input line 362.
LaTeX Font Info:    Redeclaring math symbol \ngeqslant on input line 362.
LaTeX Font Info:    Redeclaring math symbol \lneq on input line 362.
LaTeX Font Info:    Redeclaring math symbol \gneq on input line 362.
LaTeX Font Info:    Redeclaring math symbol \npreceq on input line 362.
LaTeX Font Info:    Redeclaring math symbol \nsucceq on input line 362.
LaTeX Font Info:    Redeclaring math symbol \precnsim on input line 362.
LaTeX Font Info:    Redeclaring math symbol \succnsim on input line 362.
LaTeX Font Info:    Redeclaring math symbol \lnsim on input line 362.
LaTeX Font Info:    Redeclaring math symbol \gnsim on input line 362.
LaTeX Font Info:    Redeclaring math symbol \nleqq on input line 362.
LaTeX Font Info:    Redeclaring math symbol \ngeqq on input line 362.
LaTeX Font Info:    Redeclaring math symbol \precneqq on input line 362.
LaTeX Font Info:    Redeclaring math symbol \succneqq on input line 362.
LaTeX Font Info:    Redeclaring math symbol \precnapprox on input line 362.
LaTeX Font Info:    Redeclaring math symbol \succnapprox on input line 362.
LaTeX Font Info:    Redeclaring math symbol \lnapprox on input line 362.
LaTeX Font Info:    Redeclaring math symbol \gnapprox on input line 362.
LaTeX Font Info:    Redeclaring math symbol \nsim on input line 362.
LaTeX Font Info:    Redeclaring math symbol \ncong on input line 362.
LaTeX Font Info:    Redeclaring math symbol \nsubseteqq on input line 362.
LaTeX Font Info:    Redeclaring math symbol \nsupseteqq on input line 362.
LaTeX Font Info:    Redeclaring math symbol \subsetneqq on input line 362.
LaTeX Font Info:    Redeclaring math symbol \supsetneqq on input line 362.
LaTeX Font Info:    Redeclaring math symbol \subsetneq on input line 362.
LaTeX Font Info:    Redeclaring math symbol \supsetneq on input line 362.
LaTeX Font Info:    Redeclaring math symbol \nsubseteq on input line 362.
LaTeX Font Info:    Redeclaring math symbol \nsupseteq on input line 362.
LaTeX Font Info:    Redeclaring math symbol \nparallel on input line 362.
LaTeX Font Info:    Redeclaring math symbol \nmid on input line 362.
LaTeX Font Info:    Redeclaring math symbol \nshortmid on input line 362.
LaTeX Font Info:    Redeclaring math symbol \nshortparallel on input line 362.
LaTeX Font Info:    Redeclaring math symbol \nvdash on input line 362.
LaTeX Font Info:    Redeclaring math symbol \nVdash on input line 362.
LaTeX Font Info:    Redeclaring math symbol \nvDash on input line 362.
LaTeX Font Info:    Redeclaring math symbol \nVDash on input line 362.
LaTeX Font Info:    Redeclaring math symbol \ntrianglerighteq on input line 362
.
LaTeX Font Info:    Redeclaring math symbol \ntrianglelefteq on input line 362.

LaTeX Font Info:    Redeclaring math symbol \ntriangleleft on input line 362.
LaTeX Font Info:    Redeclaring math symbol \ntriangleright on input line 362.
LaTeX Font Info:    Redeclaring math symbol \nleftarrow on input line 362.
LaTeX Font Info:    Redeclaring math symbol \nrightarrow on input line 362.
LaTeX Font Info:    Redeclaring math symbol \nLeftarrow on input line 362.
LaTeX Font Info:    Redeclaring math symbol \nRightarrow on input line 362.
LaTeX Font Info:    Redeclaring math symbol \nLeftrightarrow on input line 362.

LaTeX Font Info:    Redeclaring math symbol \nleftrightarrow on input line 362.

LaTeX Font Info:    Redeclaring math symbol \divideontimes on input line 362.
LaTeX Font Info:    Redeclaring math symbol \varnothing on input line 362.
LaTeX Font Info:    Redeclaring math symbol \mho on input line 362.
LaTeX Font Info:    Redeclaring math symbol \eth on input line 362.
LaTeX Font Info:    Redeclaring math symbol \eqsim on input line 362.
LaTeX Font Info:    Redeclaring math symbol \beth on input line 362.
LaTeX Font Info:    Redeclaring math symbol \gimel on input line 362.
LaTeX Font Info:    Redeclaring math symbol \daleth on input line 362.
LaTeX Font Info:    Redeclaring math symbol \lessdot on input line 362.
LaTeX Font Info:    Redeclaring math symbol \gtrdot on input line 362.
LaTeX Font Info:    Redeclaring math symbol \ltimes on input line 362.
LaTeX Font Info:    Redeclaring math symbol \rtimes on input line 362.
LaTeX Font Info:    Redeclaring math symbol \shortmid on input line 362.
LaTeX Font Info:    Redeclaring math symbol \shortparallel on input line 362.
LaTeX Font Info:    Redeclaring math symbol \smallsetminus on input line 362.
LaTeX Font Info:    Redeclaring math symbol \thicksim on input line 362.
LaTeX Font Info:    Redeclaring math symbol \thickapprox on input line 362.
LaTeX Font Info:    Redeclaring math symbol \approxeq on input line 362.
LaTeX Font Info:    Redeclaring math symbol \succapprox on input line 362.
LaTeX Font Info:    Redeclaring math symbol \precapprox on input line 362.
LaTeX Font Info:    Redeclaring math symbol \curvearrowleft on input line 362.
LaTeX Font Info:    Redeclaring math symbol \curvearrowright on input line 362.

LaTeX Font Info:    Redeclaring math symbol \digamma on input line 362.
LaTeX Font Info:    Redeclaring math symbol \varkappa on input line 362.
LaTeX Font Info:    Redeclaring math symbol \hslash on input line 362.
LaTeX Font Info:    Redeclaring math symbol \hbar on input line 362.
LaTeX Font Info:    Redeclaring math symbol \backepsilon on input line 362.
\z@combox=\box35
\z@wdcalc=\dimen139
\z@stackmin=\count131
\z@stackmax=\count132
\z@stacktop=\count133
\@gtempa=\dimen140
\@gtempa=\dimen141
\@gtempa=\dimen142
\@gtempa=\dimen143
\@gtempa=\dimen144
\@gtempa=\dimen145
\@gtempa=\dimen146
\@gtempa=\dimen147
\@gtempa=\dimen148
\@gtempa=\dimen149
\@gtempa=\dimen150
\@gtempa=\dimen151
\@gtempa=\dimen152
\@gtempa=\dimen153
\@gtempa=\dimen154
\@gtempa=\dimen155
\@gtempa=\dimen156
\@gtempa=\dimen157
\@gtempa=\dimen158
\@gtempa=\dimen159
\@gtempa=\dimen160
\@gtempa=\dimen161
\@gtempa=\dimen162
\@gtempa=\dimen163
\@gtempa=\dimen164
\@gtempa=\dimen165
\@gtempa=\dimen166
\@gtempa=\dimen167
\@gtempa=\dimen168
\@gtempa=\dimen169
\@gtempa=\dimen170
\@gtempa=\dimen171
\@gtempa=\dimen172
\@gtempa=\dimen173
\@gtempa=\dimen174
\@gtempa=\dimen175
\@gtempa=\dimen176
\@gtempa=\dimen177
\@gtempa=\dimen178
\@gtempa=\dimen179
\@gtempa=\dimen180
\@gtempa=\dimen181
\@gtempa=\dimen182
\@gtempa=\dimen183
\@gtempa=\dimen184
\@gtempa=\dimen185
\@gtempa=\dimen186
\@gtempa=\dimen187
\@gtempa=\dimen188
\@gtempa=\dimen189
\z@curline=\box36
\z@curindent=\dimen190
\z@curfield=\box37
\zedindent=\dimen191
\zedleftsep=\dimen192
\zedtab=\dimen193
\zedbar=\dimen194
\zedlinethickness=\dimen195
\zedcornerheight=\dimen196
\z@cols=\count134
\zedbaselineskip=\skip62
\zstrutbox=\box38
\interzedlinepenalty=\count135
\preboxpenalty=\count136
\forcepagepenalty=\count137
\z@adskip=\skip63
\z@bdskip=\skip64
\z@adsskip=\skip65
\z@bdsskip=\skip66
\z@temp=\dimen197
)
(./Assignment 2.aux)
\openout1 = `"Assignment 2.aux"'.

LaTeX Font Info:    Checking defaults for OML/cmm/m/it on input line 52.
LaTeX Font Info:    ... okay on input line 52.
LaTeX Font Info:    Checking defaults for T1/cmr/m/n on input line 52.
LaTeX Font Info:    ... okay on input line 52.
LaTeX Font Info:    Checking defaults for OT1/cmr/m/n on input line 52.
LaTeX Font Info:    ... okay on input line 52.
LaTeX Font Info:    Checking defaults for OMS/cmsy/m/n on input line 52.
LaTeX Font Info:    ... okay on input line 52.
LaTeX Font Info:    Checking defaults for OMX/cmex/m/n on input line 52.
LaTeX Font Info:    ... okay on input line 52.
LaTeX Font Info:    Checking defaults for U/cmr/m/n on input line 52.
LaTeX Font Info:    ... okay on input line 52.
LaTeX Font Info:    Checking defaults for PD1/pdf/m/n on input line 52.
LaTeX Font Info:    ... okay on input line 52.
LaTeX Font Info:    Try loading font information for OT1+ptm on input line 52.

(/usr/local/texlive/2018/texmf-dist/tex/latex/psnfss/ot1ptm.fd
File: ot1ptm.fd 2001/06/04 font definitions for OT1/ptm.
)
*geometry* driver: auto-detecting
*geometry* detected driver: pdftex
*geometry* verbose mode - [ preamble ] result:
* driver: pdftex
* paper: a4paper
* layout: <same size as paper>
* layoutoffset:(h,v)=(0.0pt,0.0pt)
* modes: 
* h-part:(L,W,R)=(62.59596pt, 472.31595pt, 62.59596pt)
* v-part:(T,H,B)=(71.13188pt, 702.78308pt, 71.13188pt)
* \paperwidth=597.50787pt
* \paperheight=845.04684pt
* \textwidth=472.31595pt
* \textheight=702.78308pt
* \oddsidemargin=-9.67403pt
* \evensidemargin=-9.67403pt
* \topmargin=-38.1381pt
* \headheight=12.0pt
* \headsep=25.0pt
* \topskip=12.0pt
* \footskip=30.0pt
* \marginparwidth=44.0pt
* \marginparsep=10.0pt
* \columnsep=10.0pt
* \skip\footins=10.8pt plus 4.0pt minus 2.0pt
* \hoffset=0.0pt
* \voffset=0.0pt
* \mag=1000
* \@twocolumnfalse
* \@twosidefalse
* \@mparswitchfalse
* \@reversemarginfalse
* (1in=72.27pt=25.4mm, 1cm=28.453pt)

(/usr/local/texlive/2018/texmf-dist/tex/context/base/mkii/supp-pdf.mkii
[Loading MPS to PDF converter (version 2006.09.02).]
\scratchcounter=\count138
\scratchdimen=\dimen198
\scratchbox=\box39
\nofMPsegments=\count139
\nofMParguments=\count140
\everyMPshowfont=\toks27
\MPscratchCnt=\count141
\MPscratchDim=\dimen199
\MPnumerator=\count142
\makeMPintoPDFobject=\count143
\everyMPtoPDFconversion=\toks28
) (/usr/local/texlive/2018/texmf-dist/tex/latex/oberdiek/epstopdf-base.sty
Package: epstopdf-base 2016/05/15 v2.6 Base part for package epstopdf

(/usr/local/texlive/2018/texmf-dist/tex/latex/oberdiek/grfext.sty
Package: grfext 2016/05/16 v1.2 Manage graphics extensions (HO)
)
Package epstopdf-base Info: Redefining graphics rule for `.eps' on input line 4
38.
Package grfext Info: Graphics extension search list:
(grfext)             [.pdf,.png,.jpg,.mps,.jpeg,.jbig2,.jb2,.PDF,.PNG,.JPG,.JPE
G,.JBIG2,.JB2,.eps]
(grfext)             \AppendGraphicsExtensions on input line 456.

(/usr/local/texlive/2018/texmf-dist/tex/latex/latexconfig/epstopdf-sys.cfg
File: epstopdf-sys.cfg 2010/07/13 v1.3 Configuration of (r)epstopdf for TeX Liv
e
))
\c@lstlisting=\count144
\AtBeginShipoutBox=\box40
Package hyperref Info: Link coloring OFF on input line 52.

(/usr/local/texlive/2018/texmf-dist/tex/latex/hyperref/nameref.sty
Package: nameref 2016/05/21 v2.44 Cross-referencing by name of section

(/usr/local/texlive/2018/texmf-dist/tex/generic/oberdiek/gettitlestring.sty
Package: gettitlestring 2016/05/16 v1.5 Cleanup title references (HO)
)
\c@section@level=\count145
)
LaTeX Info: Redefining \ref on input line 52.
LaTeX Info: Redefining \pageref on input line 52.
LaTeX Info: Redefining \nameref on input line 52.

(./Assignment 2.out) (./Assignment 2.out)
\@outlinefile=\write4
\openout4 = `"Assignment 2.out"'.

LaTeX Font Info:    Font shape `OT1/ptm/bx/n' in size <12> not available
(Font)              Font shape `OT1/ptm/b/n' tried instead on input line 56.
LaTeX Font Info:    Font shape `OT1/ptm/bx/n' in size <17.28> not available
(Font)              Font shape `OT1/ptm/b/n' tried instead on input line 58.
LaTeX Font Info:    Try loading font information for U+msa on input line 60.

(/usr/local/texlive/2018/texmf-dist/tex/latex/amsfonts/umsa.fd
File: umsa.fd 2013/01/14 v3.01 AMS symbols A
)
LaTeX Font Info:    Try loading font information for U+msb on input line 60.

(/usr/local/texlive/2018/texmf-dist/tex/latex/amsfonts/umsb.fd
File: umsb.fd 2013/01/14 v3.01 AMS symbols B
)
LaTeX Font Info:    Try loading font information for U+lasy on input line 60.

(/usr/local/texlive/2018/texmf-dist/tex/latex/base/ulasy.fd
File: ulasy.fd 1998/08/17 v2.2e LaTeX symbol font definitions
)
Underfull \hbox (badness 10000) in paragraph at lines 60--61

 []


Underfull \hbox (badness 10000) in paragraph at lines 61--62

 []


Underfull \hbox (badness 10000) in paragraph at lines 62--63

 []

[1

{/usr/local/texlive/2018/texmf-var/fonts/map/pdftex/updmap/pdftex.map}]
LaTeX Font Info:    Font shape `OT1/ptm/bx/n' in size <14.4> not available
(Font)              Font shape `OT1/ptm/b/n' tried instead on input line 68.
LaTeX Font Info:    Font shape `OT1/ptm/bx/it' in size <12> not available
(Font)              Font shape `OT1/ptm/b/it' tried instead on input line 76.

Underfull \hbox (badness 10000) in paragraph at lines 72--103

 []


Underfull \hbox (badness 10000) in paragraph at lines 72--103

 []

[2]
Underfull \hbox (badness 10000) in paragraph at lines 105--136

 []


Underfull \hbox (badness 10000) in paragraph at lines 105--136

 []

[3]
Underfull \hbox (badness 10000) in paragraph at lines 142--181

 []


Underfull \hbox (badness 10000) in paragraph at lines 142--181

 []

[4]
Underfull \hbox (badness 10000) in paragraph at lines 183--224

 []


Underfull \hbox (badness 10000) in paragraph at lines 183--224

 []


Underfull \hbox (badness 10000) in paragraph at lines 183--224

 []

[5] [6] (/usr/local/texlive/2018/texmf-dist/tex/latex/listings/lstlang1.sty
File: lstlang1.sty 2015/06/04 1.6 listings language file
)
(/usr/local/texlive/2018/texmf-dist/tex/latex/listings/lstlang1.sty
File: lstlang1.sty 2015/06/04 1.6 listings language file
)
(/usr/local/texlive/2018/texmf-dist/tex/latex/listings/lstmisc.sty
File: lstmisc.sty 2015/06/04 1.6 (Carsten Heinz)
)
Underfull \hbox (badness 10000) in paragraph at lines 227--228

 []

LaTeX Font Info:    Try loading font information for OT1+pcr on input line 228.

(/usr/local/texlive/2018/texmf-dist/tex/latex/psnfss/ot1pcr.fd
File: ot1pcr.fd 2001/06/04 font definitions for OT1/pcr.
)
(./dafny/FindMax.dfy
LaTeX Font Info:    Font shape `OT1/pcr/bx/n' in size <10> not available
(Font)              Font shape `OT1/pcr/b/n' tried instead on input line 1.
) [7]
Underfull \hbox (badness 10000) in paragraph at lines 231--232

 []

(./dafny/CheckPalindrome.dfy)
Package atveryend Info: Empty hook `BeforeClearDocument' on input line 233.
 [8]
Package atveryend Info: Empty hook `AfterLastShipout' on input line 233.
 (./Assignment 2.aux)
Package atveryend Info: Executing hook `AtVeryEndDocument' on input line 233.
Package atveryend Info: Executing hook `AtEndAfterFileList' on input line 233.
Package rerunfilecheck Info: File `"Assignment 2".out' has not changed.
(rerunfilecheck)             Checksum: D41D8CD98F00B204E9800998ECF8427E;0.
Package atveryend Info: Empty hook `AtVeryVeryEnd' on input line 233.
 ) 
Here is how much of TeX's memory you used:
 10217 strings out of 492649
 140001 string characters out of 6129622
 476127 words of memory out of 5000000
 13851 multiletter control sequences out of 15000+600000
 23162 words of font info for 57 fonts, out of 8000000 for 9000
 1141 hyphenation exceptions out of 8191
 34i,6n,61p,306b,1246s stack positions out of 5000i,500n,10000p,200000b,80000s
{/usr/local/texlive/2018/texmf-dist/fonts/enc/dvips/base/8r.enc}</usr/local/t
exlive/2018/texmf-dist/fonts/type1/public/amsfonts/cm/cmmi12.pfb></usr/local/te
xlive/2018/texmf-dist/fonts/type1/public/amsfonts/cm/cmr12.pfb></usr/local/texl
ive/2018/texmf-dist/fonts/type1/public/amsfonts/cm/cmr8.pfb></usr/local/texlive
/2018/texmf-dist/fonts/type1/public/amsfonts/cm/cmsy10.pfb></usr/local/texlive/
2018/texmf-dist/fonts/type1/public/amsfonts/cm/cmsy8.pfb></usr/local/texlive/20
18/texmf-dist/fonts/type1/urw/courier/ucrb8a.pfb></usr/local/texlive/2018/texmf
-dist/fonts/type1/urw/courier/ucrr8a.pfb></usr/local/texlive/2018/texmf-dist/fo
nts/type1/urw/times/utmb8a.pfb></usr/local/texlive/2018/texmf-dist/fonts/type1/
urw/times/utmbi8a.pfb></usr/local/texlive/2018/texmf-dist/fonts/type1/urw/times
/utmr8a.pfb></usr/local/texlive/2018/texmf-dist/fonts/type1/urw/times/utmri8a.p
fb>
Output written on "Assignment 2.pdf" (8 pages, 120699 bytes).
PDF statistics:
 192 PDF objects out of 1000 (max. 8388607)
 169 compressed objects within 2 object streams
 93 named destinations out of 1000 (max. 500000)
 1 words of extra memory for PDF output out of 10000 (max. 10000000)

